This is pdfTeX, Version 3.14159265-2.6-1.40.20 (TeX Live 2019/Debian) (preloaded format=pdflatex 2022.11.27)  9 DEC 2022 17:50
entering extended mode
 restricted \write18 enabled.
 %&-line parsing enabled.
**thesis-scitepress.tex
(./thesis-scitepress.tex
LaTeX2e <2020-02-02> patch level 2
L3 programming layer <2020-02-14> (./article.cls
Document Class: article 2000/05/19 v1.4b Standard LaTeX document class
(/usr/share/texlive/texmf-dist/tex/latex/base/size10.clo
File: size10.clo 2019/12/20 v1.4l Standard LaTeX file (size option)
)
\c@part=\count167
\c@section=\count168
\c@subsection=\count169
\c@subsubsection=\count170
\c@paragraph=\count171
\c@subparagraph=\count172
\c@figure=\count173
\c@table=\count174
\abovecaptionskip=\skip47
\belowcaptionskip=\skip48
\bibindent=\dimen134
)
(/usr/share/texlive/texmf-dist/tex/latex/amsmath/amsmath.sty
Package: amsmath 2020/01/20 v2.17e AMS math features
\@mathmargin=\skip49

For additional information on amsmath, use the `?' option.
(/usr/share/texlive/texmf-dist/tex/latex/amsmath/amstext.sty
Package: amstext 2000/06/29 v2.01 AMS text

(/usr/share/texlive/texmf-dist/tex/latex/amsmath/amsgen.sty
File: amsgen.sty 1999/11/30 v2.0 generic functions
\@emptytoks=\toks14
\ex@=\dimen135
))
(/usr/share/texlive/texmf-dist/tex/latex/amsmath/amsbsy.sty
Package: amsbsy 1999/11/29 v1.2d Bold Symbols
\pmbraise@=\dimen136
)
(/usr/share/texlive/texmf-dist/tex/latex/amsmath/amsopn.sty
Package: amsopn 2016/03/08 v2.02 operator names
)
\inf@bad=\count175
LaTeX Info: Redefining \frac on input line 227.
\uproot@=\count176
\leftroot@=\count177
LaTeX Info: Redefining \overline on input line 389.
\classnum@=\count178
\DOTSCASE@=\count179
LaTeX Info: Redefining \ldots on input line 486.
LaTeX Info: Redefining \dots on input line 489.
LaTeX Info: Redefining \cdots on input line 610.
\Mathstrutbox@=\box45
\strutbox@=\box46
\big@size=\dimen137
LaTeX Font Info:    Redeclaring font encoding OML on input line 733.
LaTeX Font Info:    Redeclaring font encoding OMS on input line 734.
\macc@depth=\count180
\c@MaxMatrixCols=\count181
\dotsspace@=\muskip16
\c@parentequation=\count182
\dspbrk@lvl=\count183
\tag@help=\toks15
\row@=\count184
\column@=\count185
\maxfields@=\count186
\andhelp@=\toks16
\eqnshift@=\dimen138
\alignsep@=\dimen139
\tagshift@=\dimen140
\tagwidth@=\dimen141
\totwidth@=\dimen142
\lineht@=\dimen143
\@envbody=\toks17
\multlinegap=\skip50
\multlinetaggap=\skip51
\mathdisplay@stack=\toks18
LaTeX Info: Redefining \[ on input line 2859.
LaTeX Info: Redefining \] on input line 2860.
)
(/usr/share/texlive/texmf-dist/tex/latex/amsfonts/amssymb.sty
Package: amssymb 2013/01/14 v3.01 AMS font symbols

(/usr/share/texlive/texmf-dist/tex/latex/amsfonts/amsfonts.sty
Package: amsfonts 2013/01/14 v3.01 Basic AMSFonts support
\symAMSa=\mathgroup4
\symAMSb=\mathgroup5
LaTeX Font Info:    Redeclaring math symbol \hbar on input line 98.
LaTeX Font Info:    Overwriting math alphabet `\mathfrak' in version `bold'
(Font)                  U/euf/m/n --> U/euf/b/n on input line 106.
))
(/usr/share/texlive/texmf-dist/tex/latex/algorithms/algorithmic.sty
Package: algorithmic 2009/08/24 v0.1 Document Style `algorithmic'

(/usr/share/texlive/texmf-dist/tex/latex/base/ifthen.sty
Package: ifthen 2014/09/29 v1.1c Standard LaTeX ifthen package (DPC)
)
(/usr/share/texlive/texmf-dist/tex/latex/graphics/keyval.sty
Package: keyval 2014/10/28 v1.15 key=value parser (DPC)
\KV@toks@=\toks19
)
\c@ALC@unique=\count187
\c@ALC@line=\count188
\c@ALC@rem=\count189
\c@ALC@depth=\count190
\ALC@tlm=\skip52
\algorithmicindent=\skip53
)
(/usr/share/texlive/texmf-dist/tex/latex/graphics/graphicx.sty
Package: graphicx 2019/11/30 v1.2a Enhanced LaTeX Graphics (DPC,SPQR)

(/usr/share/texlive/texmf-dist/tex/latex/graphics/graphics.sty
Package: graphics 2019/11/30 v1.4a Standard LaTeX Graphics (DPC,SPQR)

(/usr/share/texlive/texmf-dist/tex/latex/graphics/trig.sty
Package: trig 2016/01/03 v1.10 sin cos tan (DPC)
)
(/usr/share/texlive/texmf-dist/tex/latex/graphics-cfg/graphics.cfg
File: graphics.cfg 2016/06/04 v1.11 sample graphics configuration
)
Package graphics Info: Driver file: pdftex.def on input line 105.

(/usr/share/texlive/texmf-dist/tex/latex/graphics-def/pdftex.def
File: pdftex.def 2018/01/08 v1.0l Graphics/color driver for pdftex
))
\Gin@req@height=\dimen144
\Gin@req@width=\dimen145
)
(/usr/share/texlive/texmf-dist/tex/latex/base/textcomp.sty
Package: textcomp 2020/02/02 v2.0n Standard LaTeX package
)
(/usr/share/texlive/texmf-dist/tex/latex/xcolor/xcolor.sty
Package: xcolor 2016/05/11 v2.12 LaTeX color extensions (UK)

(/usr/share/texlive/texmf-dist/tex/latex/graphics-cfg/color.cfg
File: color.cfg 2016/01/02 v1.6 sample color configuration
)
Package xcolor Info: Driver file: pdftex.def on input line 225.
Package xcolor Info: Model `cmy' substituted by `cmy0' on input line 1348.
Package xcolor Info: Model `hsb' substituted by `rgb' on input line 1352.
Package xcolor Info: Model `RGB' extended on input line 1364.
Package xcolor Info: Model `HTML' substituted by `rgb' on input line 1366.
Package xcolor Info: Model `Hsb' substituted by `hsb' on input line 1367.
Package xcolor Info: Model `tHsb' substituted by `hsb' on input line 1368.
Package xcolor Info: Model `HSB' substituted by `hsb' on input line 1369.
Package xcolor Info: Model `Gray' substituted by `gray' on input line 1370.
Package xcolor Info: Model `wave' substituted by `hsb' on input line 1371.
)
(/usr/share/texlive/texmf-dist/tex/latex/booktabs/booktabs.sty
Package: booktabs 2020/01/12 v1.61803398 Publication quality tables
\heavyrulewidth=\dimen146
\lightrulewidth=\dimen147
\cmidrulewidth=\dimen148
\belowrulesep=\dimen149
\belowbottomsep=\dimen150
\aboverulesep=\dimen151
\abovetopsep=\dimen152
\cmidrulesep=\dimen153
\cmidrulekern=\dimen154
\defaultaddspace=\dimen155
\@cmidla=\count191
\@cmidlb=\count192
\@aboverulesep=\dimen156
\@belowrulesep=\dimen157
\@thisruleclass=\count193
\@lastruleclass=\count194
\@thisrulewidth=\dimen158
)
(/usr/share/texlive/texmf-dist/tex/latex/multirow/multirow.sty
Package: multirow 2019/05/31 v2.5 Span multiple rows of a table
\multirow@colwidth=\skip54
\multirow@cntb=\count195
\multirow@dima=\skip55
\bigstrutjot=\dimen159
)
(/usr/share/texlive/texmf-dist/tex/latex/tools/longtable.sty
Package: longtable 2020/01/07 v4.13 Multi-page Table package (DPC)
\LTleft=\skip56
\LTright=\skip57
\LTpre=\skip58
\LTpost=\skip59
\LTchunksize=\count196
\LTcapwidth=\dimen160
\LT@head=\box47
\LT@firsthead=\box48
\LT@foot=\box49
\LT@lastfoot=\box50
\LT@cols=\count197
\LT@rows=\count198
\c@LT@tables=\count199
\c@LT@chunks=\count266
\LT@p@ftn=\toks20
)
(/usr/share/texlive/texmf-dist/tex/latex/pgf/frontendlayer/tikz.sty
(/usr/share/texlive/texmf-dist/tex/latex/pgf/basiclayer/pgf.sty
(/usr/share/texlive/texmf-dist/tex/latex/pgf/utilities/pgfrcs.sty
(/usr/share/texlive/texmf-dist/tex/generic/pgf/utilities/pgfutil-common.tex
\pgfutil@everybye=\toks21
\pgfutil@tempdima=\dimen161
\pgfutil@tempdimb=\dimen162

(/usr/share/texlive/texmf-dist/tex/generic/pgf/utilities/pgfutil-common-lists.t
ex)) (/usr/share/texlive/texmf-dist/tex/generic/pgf/utilities/pgfutil-latex.def
\pgfutil@abb=\box51
(/usr/share/texlive/texmf-dist/tex/latex/ms/everyshi.sty
Package: everyshi 2001/05/15 v3.00 EveryShipout Package (MS)
))
(/usr/share/texlive/texmf-dist/tex/generic/pgf/utilities/pgfrcs.code.tex
(/usr/share/texlive/texmf-dist/tex/generic/pgf/pgf.revision.tex)
Package: pgfrcs 2020/01/08 v3.1.5b (3.1.5b)
))
Package: pgf 2020/01/08 v3.1.5b (3.1.5b)

(/usr/share/texlive/texmf-dist/tex/latex/pgf/basiclayer/pgfcore.sty
(/usr/share/texlive/texmf-dist/tex/latex/pgf/systemlayer/pgfsys.sty
(/usr/share/texlive/texmf-dist/tex/generic/pgf/systemlayer/pgfsys.code.tex
Package: pgfsys 2020/01/08 v3.1.5b (3.1.5b)

(/usr/share/texlive/texmf-dist/tex/generic/pgf/utilities/pgfkeys.code.tex
\pgfkeys@pathtoks=\toks22
\pgfkeys@temptoks=\toks23

(/usr/share/texlive/texmf-dist/tex/generic/pgf/utilities/pgfkeysfiltered.code.t
ex
\pgfkeys@tmptoks=\toks24
))
\pgf@x=\dimen163
\pgf@y=\dimen164
\pgf@xa=\dimen165
\pgf@ya=\dimen166
\pgf@xb=\dimen167
\pgf@yb=\dimen168
\pgf@xc=\dimen169
\pgf@yc=\dimen170
\pgf@xd=\dimen171
\pgf@yd=\dimen172
\w@pgf@writea=\write3
\r@pgf@reada=\read2
\c@pgf@counta=\count267
\c@pgf@countb=\count268
\c@pgf@countc=\count269
\c@pgf@countd=\count270
\t@pgf@toka=\toks25
\t@pgf@tokb=\toks26
\t@pgf@tokc=\toks27
\pgf@sys@id@count=\count271
 (/usr/share/texlive/texmf-dist/tex/generic/pgf/systemlayer/pgf.cfg
File: pgf.cfg 2020/01/08 v3.1.5b (3.1.5b)
)
Driver file for pgf: pgfsys-pdftex.def

(/usr/share/texlive/texmf-dist/tex/generic/pgf/systemlayer/pgfsys-pdftex.def
File: pgfsys-pdftex.def 2020/01/08 v3.1.5b (3.1.5b)

(/usr/share/texlive/texmf-dist/tex/generic/pgf/systemlayer/pgfsys-common-pdf.de
f
File: pgfsys-common-pdf.def 2020/01/08 v3.1.5b (3.1.5b)
)))
(/usr/share/texlive/texmf-dist/tex/generic/pgf/systemlayer/pgfsyssoftpath.code.
tex
File: pgfsyssoftpath.code.tex 2020/01/08 v3.1.5b (3.1.5b)
\pgfsyssoftpath@smallbuffer@items=\count272
\pgfsyssoftpath@bigbuffer@items=\count273
)
(/usr/share/texlive/texmf-dist/tex/generic/pgf/systemlayer/pgfsysprotocol.code.
tex
File: pgfsysprotocol.code.tex 2020/01/08 v3.1.5b (3.1.5b)
))
(/usr/share/texlive/texmf-dist/tex/generic/pgf/basiclayer/pgfcore.code.tex
Package: pgfcore 2020/01/08 v3.1.5b (3.1.5b)

(/usr/share/texlive/texmf-dist/tex/generic/pgf/math/pgfmath.code.tex
(/usr/share/texlive/texmf-dist/tex/generic/pgf/math/pgfmathcalc.code.tex
(/usr/share/texlive/texmf-dist/tex/generic/pgf/math/pgfmathutil.code.tex)
(/usr/share/texlive/texmf-dist/tex/generic/pgf/math/pgfmathparser.code.tex
\pgfmath@dimen=\dimen173
\pgfmath@count=\count274
\pgfmath@box=\box52
\pgfmath@toks=\toks28
\pgfmath@stack@operand=\toks29
\pgfmath@stack@operation=\toks30
)
(/usr/share/texlive/texmf-dist/tex/generic/pgf/math/pgfmathfunctions.code.tex
(/usr/share/texlive/texmf-dist/tex/generic/pgf/math/pgfmathfunctions.basic.code
.tex)
(/usr/share/texlive/texmf-dist/tex/generic/pgf/math/pgfmathfunctions.trigonomet
ric.code.tex)
(/usr/share/texlive/texmf-dist/tex/generic/pgf/math/pgfmathfunctions.random.cod
e.tex)
(/usr/share/texlive/texmf-dist/tex/generic/pgf/math/pgfmathfunctions.comparison
.code.tex)
(/usr/share/texlive/texmf-dist/tex/generic/pgf/math/pgfmathfunctions.base.code.
tex)
(/usr/share/texlive/texmf-dist/tex/generic/pgf/math/pgfmathfunctions.round.code
.tex)
(/usr/share/texlive/texmf-dist/tex/generic/pgf/math/pgfmathfunctions.misc.code.
tex)
(/usr/share/texlive/texmf-dist/tex/generic/pgf/math/pgfmathfunctions.integerari
thmetics.code.tex)))
(/usr/share/texlive/texmf-dist/tex/generic/pgf/math/pgfmathfloat.code.tex
\c@pgfmathroundto@lastzeros=\count275
))
(/usr/share/texlive/texmf-dist/tex/generic/pgf/math/pgfint.code.tex)
(/usr/share/texlive/texmf-dist/tex/generic/pgf/basiclayer/pgfcorepoints.code.te
x
File: pgfcorepoints.code.tex 2020/01/08 v3.1.5b (3.1.5b)
\pgf@picminx=\dimen174
\pgf@picmaxx=\dimen175
\pgf@picminy=\dimen176
\pgf@picmaxy=\dimen177
\pgf@pathminx=\dimen178
\pgf@pathmaxx=\dimen179
\pgf@pathminy=\dimen180
\pgf@pathmaxy=\dimen181
\pgf@xx=\dimen182
\pgf@xy=\dimen183
\pgf@yx=\dimen184
\pgf@yy=\dimen185
\pgf@zx=\dimen186
\pgf@zy=\dimen187
)
(/usr/share/texlive/texmf-dist/tex/generic/pgf/basiclayer/pgfcorepathconstruct.
code.tex
File: pgfcorepathconstruct.code.tex 2020/01/08 v3.1.5b (3.1.5b)
\pgf@path@lastx=\dimen188
\pgf@path@lasty=\dimen189
)
(/usr/share/texlive/texmf-dist/tex/generic/pgf/basiclayer/pgfcorepathusage.code
.tex
File: pgfcorepathusage.code.tex 2020/01/08 v3.1.5b (3.1.5b)
\pgf@shorten@end@additional=\dimen190
\pgf@shorten@start@additional=\dimen191
)
(/usr/share/texlive/texmf-dist/tex/generic/pgf/basiclayer/pgfcorescopes.code.te
x
File: pgfcorescopes.code.tex 2020/01/08 v3.1.5b (3.1.5b)
\pgfpic=\box53
\pgf@hbox=\box54
\pgf@layerbox@main=\box55
\pgf@picture@serial@count=\count276
)
(/usr/share/texlive/texmf-dist/tex/generic/pgf/basiclayer/pgfcoregraphicstate.c
ode.tex
File: pgfcoregraphicstate.code.tex 2020/01/08 v3.1.5b (3.1.5b)
\pgflinewidth=\dimen192
)
(/usr/share/texlive/texmf-dist/tex/generic/pgf/basiclayer/pgfcoretransformation
s.code.tex
File: pgfcoretransformations.code.tex 2020/01/08 v3.1.5b (3.1.5b)
\pgf@pt@x=\dimen193
\pgf@pt@y=\dimen194
\pgf@pt@temp=\dimen195
)
(/usr/share/texlive/texmf-dist/tex/generic/pgf/basiclayer/pgfcorequick.code.tex
File: pgfcorequick.code.tex 2020/01/08 v3.1.5b (3.1.5b)
)
(/usr/share/texlive/texmf-dist/tex/generic/pgf/basiclayer/pgfcoreobjects.code.t
ex
File: pgfcoreobjects.code.tex 2020/01/08 v3.1.5b (3.1.5b)
)
(/usr/share/texlive/texmf-dist/tex/generic/pgf/basiclayer/pgfcorepathprocessing
.code.tex
File: pgfcorepathprocessing.code.tex 2020/01/08 v3.1.5b (3.1.5b)
)
(/usr/share/texlive/texmf-dist/tex/generic/pgf/basiclayer/pgfcorearrows.code.te
x
File: pgfcorearrows.code.tex 2020/01/08 v3.1.5b (3.1.5b)
\pgfarrowsep=\dimen196
)
(/usr/share/texlive/texmf-dist/tex/generic/pgf/basiclayer/pgfcoreshade.code.tex
File: pgfcoreshade.code.tex 2020/01/08 v3.1.5b (3.1.5b)
\pgf@max=\dimen197
\pgf@sys@shading@range@num=\count277
\pgf@shadingcount=\count278
)
(/usr/share/texlive/texmf-dist/tex/generic/pgf/basiclayer/pgfcoreimage.code.tex
File: pgfcoreimage.code.tex 2020/01/08 v3.1.5b (3.1.5b)

(/usr/share/texlive/texmf-dist/tex/generic/pgf/basiclayer/pgfcoreexternal.code.
tex
File: pgfcoreexternal.code.tex 2020/01/08 v3.1.5b (3.1.5b)
\pgfexternal@startupbox=\box56
))
(/usr/share/texlive/texmf-dist/tex/generic/pgf/basiclayer/pgfcorelayers.code.te
x
File: pgfcorelayers.code.tex 2020/01/08 v3.1.5b (3.1.5b)
)
(/usr/share/texlive/texmf-dist/tex/generic/pgf/basiclayer/pgfcoretransparency.c
ode.tex
File: pgfcoretransparency.code.tex 2020/01/08 v3.1.5b (3.1.5b)
)
(/usr/share/texlive/texmf-dist/tex/generic/pgf/basiclayer/pgfcorepatterns.code.
tex
File: pgfcorepatterns.code.tex 2020/01/08 v3.1.5b (3.1.5b)
)
(/usr/share/texlive/texmf-dist/tex/generic/pgf/basiclayer/pgfcorerdf.code.tex
File: pgfcorerdf.code.tex 2020/01/08 v3.1.5b (3.1.5b)
)))
(/usr/share/texlive/texmf-dist/tex/generic/pgf/modules/pgfmoduleshapes.code.tex
File: pgfmoduleshapes.code.tex 2020/01/08 v3.1.5b (3.1.5b)
\pgfnodeparttextbox=\box57
) (/usr/share/texlive/texmf-dist/tex/generic/pgf/modules/pgfmoduleplot.code.tex
File: pgfmoduleplot.code.tex 2020/01/08 v3.1.5b (3.1.5b)
)
(/usr/share/texlive/texmf-dist/tex/latex/pgf/compatibility/pgfcomp-version-0-65
.sty
Package: pgfcomp-version-0-65 2020/01/08 v3.1.5b (3.1.5b)
\pgf@nodesepstart=\dimen198
\pgf@nodesepend=\dimen199
)
(/usr/share/texlive/texmf-dist/tex/latex/pgf/compatibility/pgfcomp-version-1-18
.sty
Package: pgfcomp-version-1-18 2020/01/08 v3.1.5b (3.1.5b)
)) (/usr/share/texlive/texmf-dist/tex/latex/pgf/utilities/pgffor.sty
(/usr/share/texlive/texmf-dist/tex/latex/pgf/utilities/pgfkeys.sty
(/usr/share/texlive/texmf-dist/tex/generic/pgf/utilities/pgfkeys.code.tex))
(/usr/share/texlive/texmf-dist/tex/latex/pgf/math/pgfmath.sty
(/usr/share/texlive/texmf-dist/tex/generic/pgf/math/pgfmath.code.tex))
(/usr/share/texlive/texmf-dist/tex/generic/pgf/utilities/pgffor.code.tex
Package: pgffor 2020/01/08 v3.1.5b (3.1.5b)

(/usr/share/texlive/texmf-dist/tex/generic/pgf/math/pgfmath.code.tex)
\pgffor@iter=\dimen256
\pgffor@skip=\dimen257
\pgffor@stack=\toks31
\pgffor@toks=\toks32
))
(/usr/share/texlive/texmf-dist/tex/generic/pgf/frontendlayer/tikz/tikz.code.tex
Package: tikz 2020/01/08 v3.1.5b (3.1.5b)

(/usr/share/texlive/texmf-dist/tex/generic/pgf/libraries/pgflibraryplothandlers
.code.tex
File: pgflibraryplothandlers.code.tex 2020/01/08 v3.1.5b (3.1.5b)
\pgf@plot@mark@count=\count279
\pgfplotmarksize=\dimen258
)
\tikz@lastx=\dimen259
\tikz@lasty=\dimen260
\tikz@lastxsaved=\dimen261
\tikz@lastysaved=\dimen262
\tikz@lastmovetox=\dimen263
\tikz@lastmovetoy=\dimen264
\tikzleveldistance=\dimen265
\tikzsiblingdistance=\dimen266
\tikz@figbox=\box58
\tikz@figbox@bg=\box59
\tikz@tempbox=\box60
\tikz@tempbox@bg=\box61
\tikztreelevel=\count280
\tikznumberofchildren=\count281
\tikznumberofcurrentchild=\count282
\tikz@fig@count=\count283

(/usr/share/texlive/texmf-dist/tex/generic/pgf/modules/pgfmodulematrix.code.tex
File: pgfmodulematrix.code.tex 2020/01/08 v3.1.5b (3.1.5b)
\pgfmatrixcurrentrow=\count284
\pgfmatrixcurrentcolumn=\count285
\pgf@matrix@numberofcolumns=\count286
)
\tikz@expandcount=\count287

(/usr/share/texlive/texmf-dist/tex/generic/pgf/frontendlayer/tikz/libraries/tik
zlibrarytopaths.code.tex
File: tikzlibrarytopaths.code.tex 2020/01/08 v3.1.5b (3.1.5b)
)))
(/usr/share/texlive/texmf-dist/tex/latex/fancyvrb/fancyvrb.sty
Package: fancyvrb 2020/01/13 v3.5 verbatim text (tvz,hv)
\FV@CodeLineNo=\count288
\FV@InFile=\read3
\FV@TabBox=\box62
\c@FancyVerbLine=\count289
\FV@StepNumber=\count290
\FV@OutFile=\write4
)
(/usr/share/texlive/texmf-dist/tex/latex/caption/subcaption.sty
Package: subcaption 2020/01/22 v1.3d Sub-captions (AR)

(/usr/share/texlive/texmf-dist/tex/latex/caption/caption.sty
Package: caption 2020/01/03 v3.4h Customizing captions (AR)

(/usr/share/texlive/texmf-dist/tex/latex/caption/caption3.sty
Package: caption3 2020/01/03 v1.8h caption3 kernel (AR)
Package caption3 Info: TeX engine: e-TeX on input line 61.
\captionmargin=\dimen267
\captionmargin@=\dimen268
\captionwidth=\dimen269
\caption@tempdima=\dimen270
\caption@indent=\dimen271
\caption@parindent=\dimen272
\caption@hangindent=\dimen273
Package caption Info: Standard document class detected.
)
\c@caption@flags=\count291
\c@continuedfloat=\count292
Package caption Info: longtable package is loaded.

(/usr/share/texlive/texmf-dist/tex/latex/caption/ltcaption.sty
Package: ltcaption 2018/08/26 v1.4a longtable captions (AR)
))
\c@subfigure=\count293
\c@subtable=\count294
)
(/usr/share/texlive/texmf-dist/tex/latex/tools/calc.sty
Package: calc 2017/05/25 v4.3 Infix arithmetic (KKT,FJ)
\calc@Acount=\count295
\calc@Bcount=\count296
\calc@Adimen=\dimen274
\calc@Bdimen=\dimen275
\calc@Askip=\skip60
\calc@Bskip=\skip61
LaTeX Info: Redefining \setlength on input line 80.
LaTeX Info: Redefining \addtolength on input line 81.
\calc@Ccount=\count297
\calc@Cskip=\skip62
)
(/usr/share/texlive/texmf-dist/tex/latex/amscls/amsthm.sty
Package: amsthm 2017/10/31 v2.20.4
\thm@style=\toks33
\thm@bodyfont=\toks34
\thm@headfont=\toks35
\thm@notefont=\toks36
\thm@headpunct=\toks37
\thm@preskip=\skip63
\thm@postskip=\skip64
\thm@headsep=\skip65
\dth@everypar=\toks38
)
(/usr/share/texlive/texmf-dist/tex/latex/tools/multicol.sty
Package: multicol 2019/12/09 v1.8y multicolumn formatting (FMi)
\c@tracingmulticols=\count298
\mult@box=\box63
\multicol@leftmargin=\dimen276
\c@unbalance=\count299
\c@collectmore=\count300
\doublecol@number=\count301
\multicoltolerance=\count302
\multicolpretolerance=\count303
\full@width=\dimen277
\page@free=\dimen278
\premulticols=\dimen279
\postmulticols=\dimen280
\multicolsep=\skip66
\multicolbaselineskip=\skip67
\partial@page=\box64
\last@line=\box65
\maxbalancingoverflow=\dimen281
\mult@rightbox=\box66
\mult@grightbox=\box67
\mult@gfirstbox=\box68
\mult@firstbox=\box69
\@tempa=\box70
\@tempa=\box71
\@tempa=\box72
\@tempa=\box73
\@tempa=\box74
\@tempa=\box75
\@tempa=\box76
\@tempa=\box77
\@tempa=\box78
\@tempa=\box79
\@tempa=\box80
\@tempa=\box81
\@tempa=\box82
\@tempa=\box83
\@tempa=\box84
\@tempa=\box85
\@tempa=\box86
\@tempa=\box87
\@tempa=\box88
\@tempa=\box89
\@tempa=\box90
\@tempa=\box91
\@tempa=\box92
\@tempa=\box93
\@tempa=\box94
\@tempa=\box95
\@tempa=\box96
\@tempa=\box97
\@tempa=\box98
\@tempa=\box99
\@tempa=\box100
\@tempa=\box101
\@tempa=\box102
\@tempa=\box103
\@tempa=\box104
\@tempa=\box105
\@tempa=\box106
\c@minrows=\count304
\c@columnbadness=\count305
\c@finalcolumnbadness=\count306
\last@try=\dimen282
\multicolovershoot=\dimen283
\multicolundershoot=\dimen284
\mult@nat@firstbox=\box107
\colbreak@box=\box108
\mc@col@check@num=\count307
)
(/usr/share/texlive/texmf-dist/tex/latex/pslatex/pslatex.sty
Package: pslatex 1996/07/24 v1.2 pslatex emulation (DPC)
LaTeX Font Info:    Redeclaring symbol font `operators' on input line 65.
LaTeX Font Info:    Overwriting symbol font `operators' in version `normal'
(Font)                  OT1/cmr/m/n --> OT1/ptmcm/m/n on input line 65.
LaTeX Font Info:    Overwriting symbol font `operators' in version `bold'
(Font)                  OT1/cmr/bx/n --> OT1/ptmcm/m/n on input line 65.
LaTeX Font Info:    Redeclaring symbol font `letters' on input line 66.
LaTeX Font Info:    Overwriting symbol font `letters' in version `normal'
(Font)                  OML/cmm/m/it --> OML/ptmcm/m/it on input line 66.
LaTeX Font Info:    Overwriting symbol font `letters' in version `bold'
(Font)                  OML/cmm/b/it --> OML/ptmcm/m/it on input line 66.
LaTeX Font Info:    Redeclaring symbol font `symbols' on input line 67.
LaTeX Font Info:    Overwriting symbol font `symbols' in version `normal'
(Font)                  OMS/cmsy/m/n --> OMS/pzccm/m/n on input line 67.
LaTeX Font Info:    Overwriting symbol font `symbols' in version `bold'
(Font)                  OMS/cmsy/b/n --> OMS/pzccm/m/n on input line 67.
LaTeX Font Info:    Redeclaring symbol font `largesymbols' on input line 68.
LaTeX Font Info:    Overwriting symbol font `largesymbols' in version `normal'
(Font)                  OMX/cmex/m/n --> OMX/psycm/m/n on input line 68.
LaTeX Font Info:    Overwriting symbol font `largesymbols' in version `bold'
(Font)                  OMX/cmex/m/n --> OMX/psycm/m/n on input line 68.
\symbold=\mathgroup6
\symitalic=\mathgroup7
LaTeX Font Info:    Redeclaring math alphabet \mathbf on input line 74.
LaTeX Font Info:    Overwriting math alphabet `\mathbf' in version `normal'
(Font)                  OT1/cmr/bx/n --> OT1/ptm/bx/n on input line 74.
LaTeX Font Info:    Overwriting math alphabet `\mathbf' in version `bold'
(Font)                  OT1/cmr/bx/n --> OT1/ptm/bx/n on input line 74.
LaTeX Font Info:    Redeclaring math alphabet \mathit on input line 75.
LaTeX Font Info:    Overwriting math alphabet `\mathit' in version `normal'
(Font)                  OT1/cmr/m/it --> OT1/ptm/m/it on input line 75.
LaTeX Font Info:    Overwriting math alphabet `\mathit' in version `bold'
(Font)                  OT1/cmr/bx/it --> OT1/ptm/m/it on input line 75.
) (./apalike.sty
\bibhang=\skip68
)
(/usr/share/texlive/texmf-dist/tex/latex/footmisc/footmisc.sty
Package: footmisc 2011/06/06 v5.5b a miscellany of footnote facilities
\FN@temptoken=\toks39
\footnotemargin=\dimen285
\c@pp@next@reset=\count308
Package footmisc Info: Declaring symbol style bringhurst on input line 855.
Package footmisc Info: Declaring symbol style chicago on input line 863.
Package footmisc Info: Declaring symbol style wiley on input line 872.
Package footmisc Info: Declaring symbol style lamport-robust on input line 883.

Package footmisc Info: Declaring symbol style lamport* on input line 903.
Package footmisc Info: Declaring symbol style lamport*-robust on input line 924
.
)
(./SCITEPRESS.sty
Conference Style for SCITEPRESS for LaTeX 2e -- version of January 2022
\titlebox=\skip69
) (/usr/share/texlive/texmf-dist/tex/latex/l3backend/l3backend-pdfmode.def
File: l3backend-pdfmode.def 2020-02-03 L3 backend support: PDF mode
\l__kernel_color_stack_int=\count309
\l__pdf_internal_box=\box109
)
(./thesis-scitepress.aux)
\openout1 = `thesis-scitepress.aux'.

LaTeX Font Info:    Checking defaults for OML/cmm/m/it on input line 42.
LaTeX Font Info:    ... okay on input line 42.
LaTeX Font Info:    Checking defaults for OMS/pzccm/m/n on input line 42.
LaTeX Font Info:    Trying to load font information for OMS+pzccm on input line
 42.

(/usr/share/texlive/texmf-dist/tex/latex/psnfss/omspzccm.fd
File: omspzccm.fd 2000/01/03 Fontinst v1.801 font definitions for OMS/pzccm.
)
LaTeX Font Info:    ... okay on input line 42.
LaTeX Font Info:    Checking defaults for OT1/cmr/m/n on input line 42.
LaTeX Font Info:    ... okay on input line 42.
LaTeX Font Info:    Checking defaults for T1/cmr/m/n on input line 42.
LaTeX Font Info:    ... okay on input line 42.
LaTeX Font Info:    Checking defaults for TS1/cmr/m/n on input line 42.
LaTeX Font Info:    ... okay on input line 42.
LaTeX Font Info:    Checking defaults for OMX/cmex/m/n on input line 42.
LaTeX Font Info:    ... okay on input line 42.
LaTeX Font Info:    Checking defaults for U/cmr/m/n on input line 42.
LaTeX Font Info:    ... okay on input line 42.

(/usr/share/texlive/texmf-dist/tex/context/base/mkii/supp-pdf.mkii
[Loading MPS to PDF converter (version 2006.09.02).]
\scratchcounter=\count310
\scratchdimen=\dimen286
\scratchbox=\box110
\nofMPsegments=\count311
\nofMParguments=\count312
\everyMPshowfont=\toks40
\MPscratchCnt=\count313
\MPscratchDim=\dimen287
\MPnumerator=\count314
\makeMPintoPDFobject=\count315
\everyMPtoPDFconversion=\toks41
) (/usr/share/texlive/texmf-dist/tex/latex/epstopdf-pkg/epstopdf-base.sty
Package: epstopdf-base 2020-01-24 v2.11 Base part for package epstopdf
Package epstopdf-base Info: Redefining graphics rule for `.eps' on input line 4
85.

(/usr/share/texlive/texmf-dist/tex/latex/latexconfig/epstopdf-sys.cfg
File: epstopdf-sys.cfg 2010/07/13 v1.3 Configuration of (r)epstopdf for TeX Liv
e
))
ABD: EveryShipout initializing macros
Package caption Info: Begin \AtBeginDocument code.
Package caption Info: End \AtBeginDocument code.
LaTeX Font Info:    Calculating math sizes for size <11> on input line 55.
LaTeX Font Info:    Trying to load font information for OT1+ptmcm on input line
 55.

(/usr/share/texlive/texmf-dist/tex/latex/psnfss/ot1ptmcm.fd
File: ot1ptmcm.fd 2000/01/03 Fontinst v1.801 font definitions for OT1/ptmcm.
)
LaTeX Font Info:    Trying to load font information for OML+ptmcm on input line
 55.

(/usr/share/texlive/texmf-dist/tex/latex/psnfss/omlptmcm.fd
File: omlptmcm.fd 2000/01/03 Fontinst v1.801 font definitions for OML/ptmcm.
)
LaTeX Font Info:    Trying to load font information for OMX+psycm on input line
 55.

(/usr/share/texlive/texmf-dist/tex/latex/psnfss/omxpsycm.fd
File: omxpsycm.fd 2000/01/03 Fontinst v1.801 font definitions for OMX/psycm.
)
LaTeX Font Info:    Trying to load font information for U+msa on input line 55.


(/usr/share/texlive/texmf-dist/tex/latex/amsfonts/umsa.fd
File: umsa.fd 2013/01/14 v3.01 AMS symbols A
)
LaTeX Font Info:    Trying to load font information for U+msb on input line 55.


(/usr/share/texlive/texmf-dist/tex/latex/amsfonts/umsb.fd
File: umsb.fd 2013/01/14 v3.01 AMS symbols B
)
LaTeX Font Info:    Font shape `OT1/ptm/bx/n' in size <11> not available
(Font)              Font shape `OT1/ptm/b/n' tried instead on input line 55.
LaTeX Font Info:    Font shape `OT1/ptm/bx/n' in size <7.69997> not available
(Font)              Font shape `OT1/ptm/b/n' tried instead on input line 55.
LaTeX Font Info:    Font shape `OT1/ptm/bx/n' in size <5.5> not available
(Font)              Font shape `OT1/ptm/b/n' tried instead on input line 55.
<orcid.png, id=4, 128.48pt x 128.48pt>
File: orcid.png Graphic file (type png)
<use orcid.png>
Package pdftex.def Info: orcid.png  used on input line 55.
(pdftex.def)             Requested size: 8.5359pt x 8.53577pt.
File: orcid.png Graphic file (type png)
<use orcid.png>
Package pdftex.def Info: orcid.png  used on input line 55.
(pdftex.def)             Requested size: 8.5359pt x 8.53577pt.
LaTeX Font Info:    Font shape `OT1/ptm/bx/n' in size <9> not available
(Font)              Font shape `OT1/ptm/b/n' tried instead on input line 55.
LaTeX Font Info:    Font shape `OT1/ptm/bx/n' in size <7> not available
(Font)              Font shape `OT1/ptm/b/n' tried instead on input line 55.
LaTeX Font Info:    Font shape `OT1/ptm/bx/n' in size <5> not available
(Font)              Font shape `OT1/ptm/b/n' tried instead on input line 55.
LaTeX Font Info:    Font shape `OMS/ptm/m/it' in size <9> not available
(Font)              Font shape `OMS/pzccm/m/n' tried instead on input line 55.

Underfull \hbox (badness 10000) in paragraph at lines 55--55

 []

File: orcid.png Graphic file (type png)
<use orcid.png>
Package pdftex.def Info: orcid.png  used on input line 55.
(pdftex.def)             Requested size: 8.5359pt x 8.53577pt.
File: orcid.png Graphic file (type png)
<use orcid.png>
Package pdftex.def Info: orcid.png  used on input line 55.
(pdftex.def)             Requested size: 8.5359pt x 8.53577pt.
[1{/var/lib/texmf/fonts/map/pdftex/updmap/pdftex.map}




 <./orcid.png>] [2]
Underfull \hbox (badness 1057) in paragraph at lines 94--95
[]\OT1/ptm/m/n/10 Several ex-ist-ing works pro-pose method-olo-gies
 []

(./figures/proginfo-sources.latex)
Underfull \hbox (badness 1286) in paragraph at lines 110--110
[]\OT1/ptm/m/n/9 Figure 1: |DSL \OT1/ptm/m/it/9 Pro-gram-Info \OT1/ptm/m/n/9 ex
-trac-tion from mul-ti-ple
 []

[3]
Underfull \hbox (badness 2698) in paragraph at lines 148--149
 \OT1/ptm/b/n/10 Def-i-ni-tions \OT1/ptm/m/n/10 We de-fine the \OT1/ptm/m/it/10
 metatype \OT1/ptm/m/n/10 of a data
 []


Underfull \hbox (badness 1377) in paragraph at lines 148--149
\OT1/ptm/m/it/10 AR-RAY\OT1/ptm/m/n/10 , \OT1/ptm/m/it/10 STRUCT\OT1/ptm/m/n/10
 , \OT1/ptm/m/it/10 UNION\OT1/ptm/m/n/10 , \OT1/ptm/m/it/10 UN-DE-FINED\OT1/ptm
/m/n/10 , \OT1/ptm/m/it/10 VOID\OT1/ptm/m/n/10 ,
 []


Underfull \hbox (badness 1331) in paragraph at lines 148--149
\OT1/ptm/m/n/10 and \OT1/ptm/m/it/10 FUNC-TION[]PROTOTYPE\OT1/ptm/m/n/10 . We c
on-sider \OT1/ptm/m/it/10 INT\OT1/ptm/m/n/10 ,
 []

<./figures/ariste-type-lattice.png, id=22, 331.2375pt x 140.02313pt>
File: ./figures/ariste-type-lattice.png Graphic file (type png)
<use ./figures/ariste-type-lattice.png>
Package pdftex.def Info: ./figures/ariste-type-lattice.png  used on input line 
153.
(pdftex.def)             Requested size: 213.41443pt x 90.21486pt.

Underfull \hbox (badness 10000) in paragraph at lines 166--167
 \OT1/ptm/b/n/10 Com-par-i-son Logic \OT1/ptm/m/n/10 Sup-pose we have two
 []


Underfull \hbox (badness 2334) in paragraph at lines 166--167
\OT1/ptm/m/it/10 DataType \OT1/ptm/m/n/10 ob-jects X (ground truth) and Y (de-
 []

LaTeX Font Info:    Trying to load font information for TS1+ptm on input line 1
69.
(/usr/share/texlive/texmf-dist/tex/latex/psnfss/ts1ptm.fd
File: ts1ptm.fd 2001/06/04 font definitions for TS1/ptm.
) [4 <./figures/ariste-type-lattice.png>]
Underfull \hbox (badness 10000) in paragraph at lines 171--172
[]\OT1/ptm/m/it/10 PRIMITIVE[]COMMON[]ANCESTOR\OT1/ptm/m/n/10 : In the
 []

<./figures/varnode-levels.drawio.png, id=27, 578.16pt x 273.02pt>
File: ./figures/varnode-levels.drawio.png Graphic file (type png)
<use ./figures/varnode-levels.drawio.png>
Package pdftex.def Info: ./figures/varnode-levels.drawio.png  used on input lin
e 200.
(pdftex.def)             Requested size: 213.41443pt x 100.77835pt.

Underfull \hbox (badness 2582) in paragraph at lines 207--208
\OT1/ptm/m/n/10 of vari-ables with com-plex data types in-clud-ing
 []

[5 <./figures/varnode-levels.drawio.png>]
LaTeX Font Info:    Font shape `OT1/ptm/bx/n' in size <10> not available
(Font)              Font shape `OT1/ptm/b/n' tried instead on input line 232.
LaTeX Font Info:    Font shape `OT1/ptm/bx/n' in size <7.4> not available
(Font)              Font shape `OT1/ptm/b/n' tried instead on input line 232.
LaTeX Font Info:    Font shape `OT1/ptm/bx/n' in size <6> not available
(Font)              Font shape `OT1/ptm/b/n' tried instead on input line 232.
<./figures/decompose.png, id=32, 1121.18875pt x 403.5075pt>
File: ./figures/decompose.png Graphic file (type png)
<use ./figures/decompose.png>
Package pdftex.def Info: ./figures/decompose.png  used on input line 235.
(pdftex.def)             Requested size: 1121.18602pt x 403.50652pt.

Overfull \hbox (55.22858pt too wide) in paragraph at lines 235--236
[][] 
 []


Overfull \hbox (1.90001pt too wide) in paragraph at lines 211--239
[]$[]$  $[]$ 
 []


Underfull \hbox (badness 1400) in paragraph at lines 259--260
\OT1/ptm/m/n/10 ing the re-turn type com-par-i-son, pa-ram-e-ter com-
 []

<./figures/evaluation-process.png, id=33, 762.85pt x 673.51625pt>
File: ./figures/evaluation-process.png Graphic file (type png)
<use ./figures/evaluation-process.png>
Package pdftex.def Info: ./figures/evaluation-process.png  used on input line 2
71.
(pdftex.def)             Requested size: 213.41443pt x 188.41882pt.
(./tables/opts-functions-summary.tex
Underfull \hbox (badness 10000) in paragraph at lines 7--7
[]\OT1/ptm/m/n/10 Ground
 []


Underfull \hbox (badness 10000) in paragraph at lines 7--7
\OT1/ptm/m/n/10 truth
 []


Underfull \hbox (badness 10000) in paragraph at lines 7--7
\OT1/ptm/m/n/10 func-
 []


Overfull \hbox (7.4387pt too wide) in paragraph at lines 7--7
[]\OT1/ptm/m/n/10 Functions
 []


Overfull \hbox (7.4387pt too wide) in paragraph at lines 7--7
[]\OT1/ptm/m/n/10 Functions
 []


Overfull \hbox (7.4387pt too wide) in paragraph at lines 7--8
[]\OT1/ptm/m/n/10 Functions
 []


Underfull \hbox (badness 10000) in paragraph at lines 7--8
\OT1/ptm/m/n/10 re-cov-
 []


Underfull \hbox (badness 10000) in paragraph at lines 7--8
\OT1/ptm/m/n/10 ery
 []


Overfull \hbox (8.5086pt too wide) in paragraph at lines 5--14
 [][] 
 []

) [6] (./tables/opts-varnodes-summary.tex
Underfull \hbox (badness 10000) in paragraph at lines 7--7
[]\OT1/ptm/m/n/10 Varnodes
 []


Underfull \hbox (badness 10000) in paragraph at lines 7--7
\OT1/ptm/m/n/10 matched
 []


Underfull \hbox (badness 10000) in paragraph at lines 7--7
\OT1/ptm/m/n/10 @ level
 []


Overfull \hbox (10.36057pt too wide) in paragraph at lines 7--7
\OT1/ptm/m/n/10 NO[]MATCH| 
 []


Underfull \hbox (badness 10000) in paragraph at lines 7--7
[]\OT1/ptm/m/n/10 Varnodes
 []


Underfull \hbox (badness 10000) in paragraph at lines 7--7
\OT1/ptm/m/n/10 matched
 []


Underfull \hbox (badness 10000) in paragraph at lines 7--7
\OT1/ptm/m/n/10 @ level
 []


Underfull \hbox (badness 10000) in paragraph at lines 7--7
\OT1/ptm/m/n/10 OVER-
 []


Underfull \hbox (badness 10000) in paragraph at lines 7--7
[]\OT1/ptm/m/n/10 Varnodes
 []


Underfull \hbox (badness 10000) in paragraph at lines 7--7
\OT1/ptm/m/n/10 matched
 []


Underfull \hbox (badness 10000) in paragraph at lines 7--7
\OT1/ptm/m/n/10 @ level
 []


Underfull \hbox (badness 10000) in paragraph at lines 7--7
[]\OT1/ptm/m/n/10 Varnodes
 []


Underfull \hbox (badness 10000) in paragraph at lines 7--7
\OT1/ptm/m/n/10 matched
 []


Underfull \hbox (badness 10000) in paragraph at lines 7--7
\OT1/ptm/m/n/10 @ level
 []


Overfull \hbox (6.5876pt too wide) in paragraph at lines 7--7
\OT1/ptm/m/n/10 ALIGNED| 
 []


Underfull \hbox (badness 10000) in paragraph at lines 7--7
[]\OT1/ptm/m/n/10 Varnodes
 []


Underfull \hbox (badness 10000) in paragraph at lines 7--7
\OT1/ptm/m/n/10 matched
 []


Underfull \hbox (badness 10000) in paragraph at lines 7--7
\OT1/ptm/m/n/10 @ level
 []


Underfull \hbox (badness 10000) in paragraph at lines 7--7
[]\OT1/ptm/m/n/10 Varnode
 []


Underfull \hbox (badness 10000) in paragraph at lines 7--7
\OT1/ptm/m/n/10 com-
 []


Underfull \hbox (badness 10000) in paragraph at lines 7--7
\OT1/ptm/m/n/10 par-i-son
 []


Underfull \hbox (badness 10000) in paragraph at lines 7--7
[]\OT1/ptm/m/n/10 Varnodes
 []


Underfull \hbox (badness 10000) in paragraph at lines 7--7
\OT1/ptm/m/n/10 frac-tion
 []


Underfull \hbox (badness 10000) in paragraph at lines 7--7
\OT1/ptm/m/n/10 par-tially
 []


Underfull \hbox (badness 10000) in paragraph at lines 7--7
\OT1/ptm/m/n/10 re-cov-
 []


Underfull \hbox (badness 10000) in paragraph at lines 7--8
[]\OT1/ptm/m/n/10 Varnodes
 []


Underfull \hbox (badness 10000) in paragraph at lines 7--8
\OT1/ptm/m/n/10 frac-tion
 []


Underfull \hbox (badness 10000) in paragraph at lines 7--8
\OT1/ptm/m/n/10 ex-actly
 []


Underfull \hbox (badness 10000) in paragraph at lines 7--8
\OT1/ptm/m/n/10 re-cov-
 []

) (./tables/opts-varnodes-summary-metatypes.tex
Underfull \hbox (badness 10000) in paragraph at lines 7--7
[]\OT1/ptm/m/n/10 Varnodes
 []


Underfull \hbox (badness 10000) in paragraph at lines 7--7
\OT1/ptm/m/n/10 matched
 []


Underfull \hbox (badness 10000) in paragraph at lines 7--7
\OT1/ptm/m/n/10 @ level
 []


Overfull \hbox (10.36057pt too wide) in paragraph at lines 7--7
\OT1/ptm/m/n/10 NO[]MATCH| 
 []


Underfull \hbox (badness 10000) in paragraph at lines 7--7
[]\OT1/ptm/m/n/10 Varnodes
 []


Underfull \hbox (badness 10000) in paragraph at lines 7--7
\OT1/ptm/m/n/10 matched
 []


Underfull \hbox (badness 10000) in paragraph at lines 7--7
\OT1/ptm/m/n/10 @ level
 []


Underfull \hbox (badness 10000) in paragraph at lines 7--7
\OT1/ptm/m/n/10 OVER-
 []


Underfull \hbox (badness 10000) in paragraph at lines 7--7
[]\OT1/ptm/m/n/10 Varnodes
 []


Underfull \hbox (badness 10000) in paragraph at lines 7--7
\OT1/ptm/m/n/10 matched
 []


Underfull \hbox (badness 10000) in paragraph at lines 7--7
\OT1/ptm/m/n/10 @ level
 []


Underfull \hbox (badness 10000) in paragraph at lines 7--7
[]\OT1/ptm/m/n/10 Varnodes
 []


Underfull \hbox (badness 10000) in paragraph at lines 7--7
\OT1/ptm/m/n/10 matched
 []


Underfull \hbox (badness 10000) in paragraph at lines 7--7
\OT1/ptm/m/n/10 @ level
 []


Overfull \hbox (6.5876pt too wide) in paragraph at lines 7--7
\OT1/ptm/m/n/10 ALIGNED| 
 []


Underfull \hbox (badness 10000) in paragraph at lines 7--7
[]\OT1/ptm/m/n/10 Varnodes
 []


Underfull \hbox (badness 10000) in paragraph at lines 7--7
\OT1/ptm/m/n/10 matched
 []


Underfull \hbox (badness 10000) in paragraph at lines 7--7
\OT1/ptm/m/n/10 @ level
 []


Underfull \hbox (badness 10000) in paragraph at lines 7--7
[]\OT1/ptm/m/n/10 Varnode
 []


Underfull \hbox (badness 10000) in paragraph at lines 7--7
\OT1/ptm/m/n/10 com-
 []


Underfull \hbox (badness 10000) in paragraph at lines 7--7
\OT1/ptm/m/n/10 par-i-son
 []


Underfull \hbox (badness 10000) in paragraph at lines 7--7
[]\OT1/ptm/m/n/10 Varnodes
 []


Underfull \hbox (badness 10000) in paragraph at lines 7--7
\OT1/ptm/m/n/10 frac-tion
 []


Underfull \hbox (badness 10000) in paragraph at lines 7--7
\OT1/ptm/m/n/10 par-tially
 []


Underfull \hbox (badness 10000) in paragraph at lines 7--7
\OT1/ptm/m/n/10 re-cov-
 []


Underfull \hbox (badness 10000) in paragraph at lines 7--8
[]\OT1/ptm/m/n/10 Varnodes
 []


Underfull \hbox (badness 10000) in paragraph at lines 7--8
\OT1/ptm/m/n/10 frac-tion
 []


Underfull \hbox (badness 10000) in paragraph at lines 7--8
\OT1/ptm/m/n/10 ex-actly
 []


Underfull \hbox (badness 10000) in paragraph at lines 7--8
\OT1/ptm/m/n/10 re-cov-
 []


Overfull \hbox (54.54219pt too wide) in paragraph at lines 5--31
 [][] 
 []

) [7 <./figures/decompose.png (PNG copy)> <./figures/evaluation-process.png (PN
G copy)>]
Underfull \hbox (badness 1028) in paragraph at lines 300--301
\OT1/ptm/m/n/10 rel-a-tive re-cov-ery ac-cu-racy across varn-odes of all
 []

[8] (./tables/opts-varnodes-summary-decomposed.tex
Underfull \hbox (badness 10000) in paragraph at lines 7--7
[]\OT1/ptm/m/n/10 Varnodes
 []


Underfull \hbox (badness 10000) in paragraph at lines 7--7
\OT1/ptm/m/n/10 matched
 []


Underfull \hbox (badness 10000) in paragraph at lines 7--7
\OT1/ptm/m/n/10 @ level
 []


Overfull \hbox (10.36057pt too wide) in paragraph at lines 7--7
\OT1/ptm/m/n/10 NO[]MATCH| 
 []


Underfull \hbox (badness 10000) in paragraph at lines 7--7
[]\OT1/ptm/m/n/10 Varnodes
 []


Underfull \hbox (badness 10000) in paragraph at lines 7--7
\OT1/ptm/m/n/10 matched
 []


Underfull \hbox (badness 10000) in paragraph at lines 7--7
\OT1/ptm/m/n/10 @ level
 []


Underfull \hbox (badness 10000) in paragraph at lines 7--7
\OT1/ptm/m/n/10 OVER-
 []


Underfull \hbox (badness 10000) in paragraph at lines 7--7
[]\OT1/ptm/m/n/10 Varnodes
 []


Underfull \hbox (badness 10000) in paragraph at lines 7--7
\OT1/ptm/m/n/10 matched
 []


Underfull \hbox (badness 10000) in paragraph at lines 7--7
\OT1/ptm/m/n/10 @ level
 []


Underfull \hbox (badness 10000) in paragraph at lines 7--7
[]\OT1/ptm/m/n/10 Varnodes
 []


Underfull \hbox (badness 10000) in paragraph at lines 7--7
\OT1/ptm/m/n/10 matched
 []


Underfull \hbox (badness 10000) in paragraph at lines 7--7
\OT1/ptm/m/n/10 @ level
 []


Overfull \hbox (6.5876pt too wide) in paragraph at lines 7--7
\OT1/ptm/m/n/10 ALIGNED| 
 []


Underfull \hbox (badness 10000) in paragraph at lines 7--7
[]\OT1/ptm/m/n/10 Varnodes
 []


Underfull \hbox (badness 10000) in paragraph at lines 7--7
\OT1/ptm/m/n/10 matched
 []


Underfull \hbox (badness 10000) in paragraph at lines 7--7
\OT1/ptm/m/n/10 @ level
 []


Underfull \hbox (badness 10000) in paragraph at lines 7--7
[]\OT1/ptm/m/n/10 Varnode
 []


Underfull \hbox (badness 10000) in paragraph at lines 7--7
\OT1/ptm/m/n/10 com-
 []


Underfull \hbox (badness 10000) in paragraph at lines 7--7
\OT1/ptm/m/n/10 par-i-son
 []


Underfull \hbox (badness 10000) in paragraph at lines 7--7
[]\OT1/ptm/m/n/10 Varnodes
 []


Underfull \hbox (badness 10000) in paragraph at lines 7--7
\OT1/ptm/m/n/10 frac-tion
 []


Underfull \hbox (badness 10000) in paragraph at lines 7--7
\OT1/ptm/m/n/10 par-tially
 []


Underfull \hbox (badness 10000) in paragraph at lines 7--7
\OT1/ptm/m/n/10 re-cov-
 []


Underfull \hbox (badness 10000) in paragraph at lines 7--8
[]\OT1/ptm/m/n/10 Varnodes
 []


Underfull \hbox (badness 10000) in paragraph at lines 7--8
\OT1/ptm/m/n/10 frac-tion
 []


Underfull \hbox (badness 10000) in paragraph at lines 7--8
\OT1/ptm/m/n/10 ex-actly
 []


Underfull \hbox (badness 10000) in paragraph at lines 7--8
\OT1/ptm/m/n/10 re-cov-
 []

) (./tables/opts-varnodes-summary-metatypes-decomposed.tex
Underfull \hbox (badness 10000) in paragraph at lines 7--7
[]\OT1/ptm/m/n/10 Varnodes
 []


Underfull \hbox (badness 10000) in paragraph at lines 7--7
\OT1/ptm/m/n/10 matched
 []


Underfull \hbox (badness 10000) in paragraph at lines 7--7
\OT1/ptm/m/n/10 @ level
 []


Overfull \hbox (10.36057pt too wide) in paragraph at lines 7--7
\OT1/ptm/m/n/10 NO[]MATCH| 
 []


Underfull \hbox (badness 10000) in paragraph at lines 7--7
[]\OT1/ptm/m/n/10 Varnodes
 []


Underfull \hbox (badness 10000) in paragraph at lines 7--7
\OT1/ptm/m/n/10 matched
 []


Underfull \hbox (badness 10000) in paragraph at lines 7--7
\OT1/ptm/m/n/10 @ level
 []


Underfull \hbox (badness 10000) in paragraph at lines 7--7
\OT1/ptm/m/n/10 OVER-
 []


Underfull \hbox (badness 10000) in paragraph at lines 7--7
[]\OT1/ptm/m/n/10 Varnodes
 []


Underfull \hbox (badness 10000) in paragraph at lines 7--7
\OT1/ptm/m/n/10 matched
 []


Underfull \hbox (badness 10000) in paragraph at lines 7--7
\OT1/ptm/m/n/10 @ level
 []


Underfull \hbox (badness 10000) in paragraph at lines 7--7
[]\OT1/ptm/m/n/10 Varnodes
 []


Underfull \hbox (badness 10000) in paragraph at lines 7--7
\OT1/ptm/m/n/10 matched
 []


Underfull \hbox (badness 10000) in paragraph at lines 7--7
\OT1/ptm/m/n/10 @ level
 []


Overfull \hbox (6.5876pt too wide) in paragraph at lines 7--7
\OT1/ptm/m/n/10 ALIGNED| 
 []


Underfull \hbox (badness 10000) in paragraph at lines 7--7
[]\OT1/ptm/m/n/10 Varnodes
 []


Underfull \hbox (badness 10000) in paragraph at lines 7--7
\OT1/ptm/m/n/10 matched
 []


Underfull \hbox (badness 10000) in paragraph at lines 7--7
\OT1/ptm/m/n/10 @ level
 []


Underfull \hbox (badness 10000) in paragraph at lines 7--7
[]\OT1/ptm/m/n/10 Varnode
 []


Underfull \hbox (badness 10000) in paragraph at lines 7--7
\OT1/ptm/m/n/10 com-
 []


Underfull \hbox (badness 10000) in paragraph at lines 7--7
\OT1/ptm/m/n/10 par-i-son
 []


Underfull \hbox (badness 10000) in paragraph at lines 7--7
[]\OT1/ptm/m/n/10 Varnodes
 []


Underfull \hbox (badness 10000) in paragraph at lines 7--7
\OT1/ptm/m/n/10 frac-tion
 []


Underfull \hbox (badness 10000) in paragraph at lines 7--7
\OT1/ptm/m/n/10 par-tially
 []


Underfull \hbox (badness 10000) in paragraph at lines 7--7
\OT1/ptm/m/n/10 re-cov-
 []


Underfull \hbox (badness 10000) in paragraph at lines 7--8
[]\OT1/ptm/m/n/10 Varnodes
 []


Underfull \hbox (badness 10000) in paragraph at lines 7--8
\OT1/ptm/m/n/10 frac-tion
 []


Underfull \hbox (badness 10000) in paragraph at lines 7--8
\OT1/ptm/m/n/10 ex-actly
 []


Underfull \hbox (badness 10000) in paragraph at lines 7--8
\OT1/ptm/m/n/10 re-cov-
 []


Overfull \hbox (54.54219pt too wide) in paragraph at lines 5--22
 [][] 
 []

)
Underfull \hbox (badness 7504) in paragraph at lines 312--313
[]\OT1/ptm/m/n/10 We par-ti-tion the de-com-posed varn-odes by
 []

(./tables/opts-bytes-summary.tex
Underfull \hbox (badness 10000) in paragraph at lines 7--7
[]\OT1/ptm/m/n/10 Ground
 []


Underfull \hbox (badness 10000) in paragraph at lines 7--7
\OT1/ptm/m/n/10 truth
 []


Underfull \hbox (badness 10000) in paragraph at lines 7--7
\OT1/ptm/m/n/10 data
 []


Underfull \hbox (badness 10000) in paragraph at lines 7--7
[]\OT1/ptm/m/n/10 Bytes
 []


Underfull \hbox (badness 10000) in paragraph at lines 7--7
[]\OT1/ptm/m/n/10 Bytes
 []


Underfull \hbox (badness 10000) in paragraph at lines 7--8
[]\OT1/ptm/m/n/10 Bytes
 []


Underfull \hbox (badness 10000) in paragraph at lines 7--8
\OT1/ptm/m/n/10 re-cov-
 []


Underfull \hbox (badness 10000) in paragraph at lines 7--8
\OT1/ptm/m/n/10 ery
 []


Overfull \hbox (2.98915pt too wide) in paragraph at lines 9--9
[]\OT1/ptm/m/n/10 1183691| 
 []


Overfull \hbox (2.98915pt too wide) in paragraph at lines 10--10
[]\OT1/ptm/m/n/10 1183691| 
 []


Overfull \hbox (2.98915pt too wide) in paragraph at lines 11--11
[]\OT1/ptm/m/n/10 1183691| 
 []


Overfull \hbox (2.98915pt too wide) in paragraph at lines 11--11
[]\OT1/ptm/m/n/10 1177221| 
 []


Overfull \hbox (8.5086pt too wide) in paragraph at lines 5--14
 [][] 
 []

) [9] (./tables/opts-array-comparisons-summary.tex
Underfull \hbox (badness 10000) in paragraph at lines 7--7
[]\OT1/ptm/m/n/10 Ground
 []


Underfull \hbox (badness 10000) in paragraph at lines 7--7
\OT1/ptm/m/n/10 truth
 []


Underfull \hbox (badness 10000) in paragraph at lines 7--7
\OT1/ptm/m/n/10 ar-ray
 []


Underfull \hbox (badness 10000) in paragraph at lines 7--7
\OT1/ptm/m/n/10 varn-
 []


Underfull \hbox (badness 10000) in paragraph at lines 7--7
[]\OT1/ptm/m/n/10 Array
 []


Underfull \hbox (badness 10000) in paragraph at lines 7--7
\OT1/ptm/m/n/10 com-
 []


Underfull \hbox (badness 10000) in paragraph at lines 7--7
\OT1/ptm/m/n/10 par-
 []


Underfull \hbox (badness 10000) in paragraph at lines 7--7
[]\OT1/ptm/m/n/10 Array
 []


Underfull \hbox (badness 10000) in paragraph at lines 7--7
\OT1/ptm/m/n/10 varn-
 []


Underfull \hbox (badness 10000) in paragraph at lines 7--7
\OT1/ptm/m/n/10 odes
 []


Underfull \hbox (badness 10000) in paragraph at lines 7--7
\OT1/ptm/m/n/10 in-
 []


Underfull \hbox (badness 10000) in paragraph at lines 7--7
\OT1/ptm/m/n/10 ferred
 []


Underfull \hbox (badness 10000) in paragraph at lines 7--7
[]\OT1/ptm/m/n/10 Array
 []


Underfull \hbox (badness 10000) in paragraph at lines 7--7
\OT1/ptm/m/n/10 varn-
 []


Underfull \hbox (badness 10000) in paragraph at lines 7--7
\OT1/ptm/m/n/10 odes
 []


Underfull \hbox (badness 10000) in paragraph at lines 7--7
\OT1/ptm/m/n/10 in-
 []


Underfull \hbox (badness 10000) in paragraph at lines 7--7
\OT1/ptm/m/n/10 ferred
 []


Underfull \hbox (badness 10000) in paragraph at lines 7--7
\OT1/ptm/m/n/10 frac-
 []


Underfull \hbox (badness 10000) in paragraph at lines 7--7
[]\OT1/ptm/m/n/10 Array
 []


Underfull \hbox (badness 10000) in paragraph at lines 7--7
\OT1/ptm/m/n/10 length
 []


Underfull \hbox (badness 10000) in paragraph at lines 7--7
\OT1/ptm/m/n/10 (el-e-
 []


Underfull \hbox (badness 10000) in paragraph at lines 7--7
\OT1/ptm/m/n/10 ments)
 []


Underfull \hbox (badness 10000) in paragraph at lines 7--7
\OT1/ptm/m/n/10 av-er-age
 []


Underfull \hbox (badness 10000) in paragraph at lines 7--7
[]\OT1/ptm/m/n/10 Array
 []


Underfull \hbox (badness 10000) in paragraph at lines 7--7
\OT1/ptm/m/n/10 length
 []


Underfull \hbox (badness 10000) in paragraph at lines 7--7
\OT1/ptm/m/n/10 (el-e-
 []


Underfull \hbox (badness 10000) in paragraph at lines 7--7
\OT1/ptm/m/n/10 ments)
 []


Underfull \hbox (badness 10000) in paragraph at lines 7--7
\OT1/ptm/m/n/10 av-er-age
 []


Underfull \hbox (badness 10000) in paragraph at lines 7--7
\OT1/ptm/m/n/10 er-ror
 []


Underfull \hbox (badness 10000) in paragraph at lines 7--7
[]\OT1/ptm/m/n/10 Array
 []


Underfull \hbox (badness 10000) in paragraph at lines 7--7
\OT1/ptm/m/n/10 size
 []


Underfull \hbox (badness 10000) in paragraph at lines 7--7
\OT1/ptm/m/n/10 (bytes)
 []


Underfull \hbox (badness 10000) in paragraph at lines 7--7
\OT1/ptm/m/n/10 av-er-age
 []


Underfull \hbox (badness 10000) in paragraph at lines 7--7
[]\OT1/ptm/m/n/10 Array
 []


Underfull \hbox (badness 10000) in paragraph at lines 7--7
\OT1/ptm/m/n/10 size
 []


Underfull \hbox (badness 10000) in paragraph at lines 7--7
\OT1/ptm/m/n/10 (bytes)
 []


Underfull \hbox (badness 10000) in paragraph at lines 7--7
\OT1/ptm/m/n/10 av-er-age
 []


Underfull \hbox (badness 10000) in paragraph at lines 7--7
\OT1/ptm/m/n/10 er-ror
 []


Underfull \hbox (badness 10000) in paragraph at lines 7--7
[]\OT1/ptm/m/n/10 Array
 []


Underfull \hbox (badness 10000) in paragraph at lines 7--7
\OT1/ptm/m/n/10 di-men-
 []


Underfull \hbox (badness 10000) in paragraph at lines 7--7
\OT1/ptm/m/n/10 sion
 []


Underfull \hbox (badness 10000) in paragraph at lines 7--7
\OT1/ptm/m/n/10 match
 []


Underfull \hbox (badness 10000) in paragraph at lines 7--8
[]\OT1/ptm/m/n/10 Array
 []


Underfull \hbox (badness 10000) in paragraph at lines 7--8
\OT1/ptm/m/n/10 av-er-age
 []


Underfull \hbox (badness 10000) in paragraph at lines 7--8
\OT1/ptm/m/n/10 el-e-
 []


Underfull \hbox (badness 10000) in paragraph at lines 7--8
\OT1/ptm/m/n/10 ment
 []


Underfull \hbox (badness 10000) in paragraph at lines 7--8
\OT1/ptm/m/n/10 type
 []


Underfull \hbox (badness 10000) in paragraph at lines 7--8
\OT1/ptm/m/n/10 com-
 []


Underfull \hbox (badness 10000) in paragraph at lines 7--8
\OT1/ptm/m/n/10 par-i-son
 []


Overfull \hbox (1.4866pt too wide) in paragraph at lines 9--9
[]\OT1/ptm/m/n/10 134.695| 
 []


Overfull \hbox (1.4866pt too wide) in paragraph at lines 9--9
[]\OT1/ptm/m/n/10 458.575| 
 []


Overfull \hbox (1.4866pt too wide) in paragraph at lines 10--10
[]\OT1/ptm/m/n/10 151.156| 
 []


Overfull \hbox (1.4866pt too wide) in paragraph at lines 10--10
[]\OT1/ptm/m/n/10 239.023| 
 []


Overfull \hbox (26.42245pt too wide) in paragraph at lines 5--14
 [][] 
 []

) [10] [11] (./thesis-scitepress.bbl [12]) [13] (./thesis-scitepress.aux) ) 
Here is how much of TeX's memory you used:
 15396 strings out of 483107
 295413 string characters out of 5964629
 527042 words of memory out of 5000000
 30075 multiletter control sequences out of 15000+600000
 581713 words of font info for 129 fonts, out of 8000000 for 9000
 59 hyphenation exceptions out of 8191
 60i,11n,60p,1552b,747s stack positions out of 5000i,500n,10000p,200000b,80000s
{/us
r/share/texlive/texmf-dist/fonts/enc/dvips/base/8r.enc}</usr/share/texlive/texm
f-dist/fonts/type1/public/amsfonts/cm/cmsy10.pfb></usr/share/texlive/texmf-dist
/fonts/type1/urw/courier/ucrr8a.pfb></usr/share/texlive/texmf-dist/fonts/type1/
urw/times/utmb8a.pfb></usr/share/texlive/texmf-dist/fonts/type1/urw/times/utmr8
a.pfb></usr/share/texlive/texmf-dist/fonts/type1/urw/times/utmri8a.pfb>
Output written on thesis-scitepress.pdf (13 pages, 239717 bytes).
PDF statistics:
 80 PDF objects out of 1000 (max. 8388607)
 51 compressed objects within 1 object stream
 0 named destinations out of 1000 (max. 500000)
 38 words of extra memory for PDF output out of 10000 (max. 10000000)

